[debug] > Exec(early(addDefaultCommands), None, None)
[debug] > Exec(addDefaultCommands, None, None)
[debug] > Exec(early(initialize), None, None)
[debug] > Exec(initialize, None, None)
[debug] > Exec(early(addPluginSbtFile="""C:\Users\micha\AppData\Local\Temp\idea.sbt"""), None, None)
[debug] > Exec(addPluginSbtFile="""C:\Users\micha\AppData\Local\Temp\idea.sbt""", None, None)
[debug] > Exec(boot, None, None)
[debug] > Exec(writeSbtVersion, None, None)
[debug] > Exec(reload, None, None)
[debug] > Exec(sbtStashOnFailure, None, None)
[debug] > Exec(onFailure loadFailed, None, None)
[debug] > Exec(loadp, None, None)
[info] welcome to sbt 1.8.2 (Eclipse Adoptium Java 11.0.21)
[debug] Load.defaultLoad until apply took 137.8069ms
[debug]           Load.loadUnit: plugins took 105.1911ms
[debug]           Load.loadUnit: defsScala took 0.7371ms
[debug] [Loading] Scanning directory C:\Users\micha\Downloads\wikipedia\wikipedia\project
[debug]             Load.loadUnit: mkEval took 6.418ms
[debug] [Loading] Found non-root projects 
[debug] [Loading] Done in C:\Users\micha\Downloads\wikipedia\wikipedia\project, returning: ()
[debug] deducing auto plugins based on known facts Set(Atom(sbt.plugins.CorePlugin)) and clauses Clauses(Clause(Atom(sbt.plugins.JvmPlugin),Set(Atom(sbt.plugins.IvyPlugin)))
[debug] Clause(Atom(sbt.ScriptedPlugin),Set(Atom(sbt.plugins.JvmPlugin)))
[debug] Clause(Atom(sbt.plugins.SbtPlugin),Set(Atom(sbt.ScriptedPlugin)))
[debug] Clause(Atom(sbt.plugins.SemanticdbPlugin),Set(Atom(sbt.plugins.JvmPlugin)))
[debug] Clause(Atom(sbt.plugins.JUnitXmlReportPlugin),Set(Atom(sbt.plugins.JvmPlugin)))
[debug] Clause(Atom(sbt.plugins.MiniDependencyTreePlugin),Set(Atom(sbt.plugins.JvmPlugin)))
[debug] Clause(Atom(sbt.plugins.CorePlugin),Set(Atom(sbt.plugins.IvyPlugin)))
[debug] Clause(Atom(sbt.plugins.IvyPlugin),Set(Atom(sbt.plugins.JvmPlugin)))
[debug] Clause(Atom(sbt.plugins.JvmPlugin),Set(Atom(sbt.plugins.SemanticdbPlugin)))
[debug] Clause(Atom(sbt.plugins.JvmPlugin),Set(Atom(sbt.plugins.JUnitXmlReportPlugin)))
[debug] Clause(Atom(sbt.plugins.CorePlugin),Set(Atom(sbt.plugins.Giter8TemplatePlugin)))
[debug] Clause(Atom(sbt.plugins.JvmPlugin),Set(Atom(sbt.plugins.MiniDependencyTreePlugin))))
[debug]   :: deduced result: Matched(sbt.plugins.CorePlugin,sbt.plugins.Giter8TemplatePlugin,sbt.plugins.IvyPlugin,sbt.plugins.JvmPlugin,sbt.plugins.MiniDependencyTreePlugin,sbt.plugins.JUnitXmlReportPlugin,sbt.plugins.SemanticdbPlugin)
[debug] Plugins.deducer#function took 42.0582 ms
[info] loading settings for project wikipedia-build from buildSettings.sbt,plugins.sbt,idea.sbt ...
[debug]               Load.resolveProject(wikipedia-build) took 64.4856ms
[debug]             Load.loadTransitive: finalizeProject(Project(id wikipedia-build, base: C:\Users\micha\Downloads\wikipedia\wikipedia\project, plugins: List(<none>))) took 152.6089ms
[debug] [Loading] Done in C:\Users\micha\Downloads\wikipedia\wikipedia\project, returning: (wikipedia-build)
[debug]           Load.loadUnit: loadedProjectsRaw took 4615.7941ms
[debug]           Load.loadUnit: cleanEvalClasses took 11.9896ms
[debug]         Load.loadUnit(file:/C:/Users/micha/Downloads/wikipedia/wikipedia/project/, ...) took 4744.7517ms
[debug]       Load.apply: load took 5055.8856ms
[debug]       Load.apply: resolveProjects took 6.2768ms
[debug]       Load.apply: finalTransforms took 99.1806ms
[debug]       Load.apply: config.delegates took 23.9375ms
[debug]       Load.apply: Def.make(settings)... took 993.1382ms
[debug]       Load.apply: structureIndex took 185.2121ms
[debug]       Load.apply: mkStreams took 4.7903ms
[info] loading project definition from C:\Users\micha\Downloads\wikipedia\wikipedia\project
[debug] Running task... Cancel: Signal, check cycles: false, forcegc: true
[debug]     Load.loadUnit: plugins took 12805.9244ms
[debug]     Load.loadUnit: defsScala took 0.0037ms
[debug] [Loading] Scanning directory C:\Users\micha\Downloads\wikipedia\wikipedia
[debug]       Load.loadUnit: mkEval took 0.2519ms
[debug] [Loading] Found non-root projects 
[debug] [Loading] Done in C:\Users\micha\Downloads\wikipedia\wikipedia, returning: ()
[debug] deducing auto plugins based on known facts Set(Atom(ch.epfl.lamp.StudentTasks), Atom(sbt.plugins.CorePlugin)) and clauses Clauses(Clause(Atom(sbt.plugins.JvmPlugin),Set(Atom(sbt.plugins.IvyPlugin)))
[debug] Clause(Atom(sbt.ScriptedPlugin),Set(Atom(sbt.plugins.JvmPlugin)))
[debug] Clause(Atom(sbt.plugins.SbtPlugin),Set(Atom(sbt.ScriptedPlugin)))
[debug] Clause(Atom(sbt.plugins.SemanticdbPlugin),Set(Atom(sbt.plugins.JvmPlugin)))
[debug] Clause(Atom(sbt.plugins.JUnitXmlReportPlugin),Set(Atom(sbt.plugins.JvmPlugin)))
[debug] Clause(Atom(sbt.plugins.MiniDependencyTreePlugin),Set(Atom(sbt.plugins.JvmPlugin)))
[debug] Clause(Atom(scalafix.sbt.ScalafixPlugin),Set(Atom(sbt.plugins.JvmPlugin)))
[debug] Clause(Atom(scalafix.sbt.ScalafixTestkitPlugin),Set(Atom(sbt.plugins.JvmPlugin)))
[debug] Clause(Atom(org.jetbrains.sbt.StructurePlugin),Set(Atom(sbt.plugins.JvmPlugin)))
[debug] Clause(Atom(org.jetbrains.sbt.IdeaShellPlugin),Set(Atom(sbt.plugins.JvmPlugin)))
[debug] Clause(Atom(org.jetbrains.sbt.indices.SbtIntellijIndicesPlugin),Set(Atom(sbt.plugins.JvmPlugin)))
[debug] Clause(Atom(ch.epfl.lamp.MOOCSettings),Set(Atom(sbt.plugins.JvmPlugin)))
[debug] Clause(Atom(ch.epfl.lamp.StudentTasks),Set(Atom(sbt.plugins.JvmPlugin)))
[debug] Clause(Atom(ch.epfl.lamp.StudentTasks),Set(Atom(ch.epfl.lamp.MOOCSettings)))
[debug] Clause(Atom(ch.epfl.lamp.CourseraStudent),Set(Atom(sbt.plugins.JvmPlugin)))
[debug] Clause(Atom(ch.epfl.lamp.CourseraStudent),Set(Atom(ch.epfl.lamp.MOOCSettings)))
[debug] Clause(Atom(sbt.plugins.CorePlugin),Set(Atom(sbt.plugins.IvyPlugin)))
[debug] Clause(Atom(sbt.plugins.IvyPlugin),Set(Atom(sbt.plugins.JvmPlugin)))
[debug] Clause(Atom(sbt.plugins.JvmPlugin),Set(Atom(sbt.plugins.SemanticdbPlugin)))
[debug] Clause(Atom(sbt.plugins.JvmPlugin),Set(Atom(sbt.plugins.JUnitXmlReportPlugin)))
[debug] Clause(Atom(sbt.plugins.CorePlugin),Set(Atom(sbt.plugins.Giter8TemplatePlugin)))
[debug] Clause(Atom(sbt.plugins.JvmPlugin),Set(Atom(sbt.plugins.MiniDependencyTreePlugin)))
[debug] Clause(Atom(sbt.plugins.JvmPlugin),Set(Atom(scalafix.sbt.ScalafixPlugin)))
[debug] Clause(Atom(sbt.plugins.JvmPlugin),Set(Atom(org.jetbrains.sbt.StructurePlugin)))
[debug] Clause(Atom(sbt.plugins.JvmPlugin),Set(Atom(org.jetbrains.sbt.IdeaShellPlugin)))
[debug] Clause(And(Set(Atom(sbt.plugins.CorePlugin), Atom(sbt.plugins.JvmPlugin))),Set(Atom(org.jetbrains.sbt.indices.SbtIntellijIndicesPlugin)))
[debug] Clause(And(Set(Atom(ch.epfl.lamp.StudentTasks), Atom(sbt.plugins.JvmPlugin), Atom(ch.epfl.lamp.MOOCSettings))),Set(Atom(ch.epfl.lamp.CourseraStudent))))
[debug]   :: deduced result: Matched(sbt.plugins.CorePlugin,ch.epfl.lamp.StudentTasks,sbt.plugins.Giter8TemplatePlugin,sbt.plugins.IvyPlugin,ch.epfl.lamp.MOOCSettings,sbt.plugins.JvmPlugin,ch.epfl.lamp.CourseraStudent,sbt.plugins.SemanticdbPlugin,org.jetbrains.sbt.indices.SbtIntellijIndicesPlugin,sbt.plugins.JUnitXmlReportPlugin,org.jetbrains.sbt.IdeaShellPlugin,scalafix.sbt.ScalafixPlugin,org.jetbrains.sbt.StructurePlugin,sbt.plugins.MiniDependencyTreePlugin)
[debug] Plugins.deducer#function took 6.7582 ms
[info] loading settings for project wikipedia from assignment.sbt,build.sbt ...
[debug]         Load.resolveProject(wikipedia) took 90.4574ms
[debug]       Load.loadTransitive: finalizeProject(Project(id wikipedia, base: C:\Users\micha\Downloads\wikipedia\wikipedia, plugins: List(<none>))) took 99.4304ms
[debug] [Loading] Done in C:\Users\micha\Downloads\wikipedia\wikipedia, returning: (wikipedia)
[debug]     Load.loadUnit: loadedProjectsRaw took 4006.393ms
[debug]     Load.loadUnit: cleanEvalClasses took 33.7582ms
[debug]   Load.loadUnit(file:/C:/Users/micha/Downloads/wikipedia/wikipedia/, ...) took 16847.4676ms
[debug] Load.apply: load took 16890.569ms
[debug] Load.apply: resolveProjects took 0.129ms
[debug] Load.apply: finalTransforms took 45.5238ms
[debug] Load.apply: config.delegates took 0.434ms
[debug] Load.apply: Def.make(settings)... took 1922.0534ms
[debug] Load.apply: structureIndex took 47.2552ms
[debug] Load.apply: mkStreams took 0.0024ms
[info] set current project to bigdata-wikipedia (in build file:/C:/Users/micha/Downloads/wikipedia/wikipedia/)
[debug] > Exec(sbtPopOnFailure, None, None)
[debug] > Exec(resumeFromFailure, None, None)
[debug] > Exec(notifyUsersAboutShell, None, None)
[debug] > Exec(iflast shell, None, None)
[debug] > Exec(; set ideaPort in Global := 50393 ; idea-shell, None, None)
[debug] > Exec(set ideaPort in Global := 50393, None, None)
[info] Defining Global / ideaPort
[info] The new value will be used by Compile / compile, Test / compile
[debug] Defining 
[debug] 	Global / ideaPort
[debug] 
[debug] The new value will be used by 
[debug] 	Compile / compile
[debug] 	Test / compile
[info] Reapplying settings...
[info] set current project to bigdata-wikipedia (in build file:/C:/Users/micha/Downloads/wikipedia/wikipedia/)
[debug] > Exec(idea-shell, None, None)
